{"/Users/bookyourpet/Workspace/ProjectName/src/localization/i18n.js": {"path":"/Users/bookyourpet/Workspace/ProjectName/src/localization/i18n.js","statementMap":{"0":{"start":{"line":6,"column":35},"end":{"line":6,"column":78}},"1":{"start":{"line":8,"column":27},"end":{"line":8,"column":42}},"2":{"start":{"line":10,"column":16},"end":{"line":17,"column":1}},"3":{"start":{"line":11,"column":14},"end":{"line":11,"column":18}},"4":{"start":{"line":12,"column":2},"end":{"line":14,"column":5}},"5":{"start":{"line":13,"column":4},"end":{"line":13,"column":36}},"6":{"start":{"line":13,"column":17},"end":{"line":13,"column":34}},"7":{"start":{"line":15,"column":2},"end":{"line":15,"column":21}},"8":{"start":{"line":16,"column":2},"end":{"line":16,"column":15}},"9":{"start":{"line":19,"column":32},"end":{"line":51,"column":1}},"10":{"start":{"line":24,"column":4},"end":{"line":40,"column":5}},"11":{"start":{"line":27,"column":6},"end":{"line":37,"column":9}},"12":{"start":{"line":28,"column":8},"end":{"line":33,"column":9}},"13":{"start":{"line":30,"column":10},"end":{"line":30,"column":49}},"14":{"start":{"line":32,"column":10},"end":{"line":32,"column":36}},"15":{"start":{"line":35,"column":8},"end":{"line":35,"column":39}},"16":{"start":{"line":36,"column":8},"end":{"line":36,"column":30}},"17":{"start":{"line":39,"column":6},"end":{"line":39,"column":51}},"18":{"start":{"line":43,"column":4},"end":{"line":49,"column":5}},"19":{"start":{"line":45,"column":6},"end":{"line":45,"column":63}},"20":{"start":{"line":46,"column":6},"end":{"line":46,"column":39}},"21":{"start":{"line":48,"column":6},"end":{"line":48,"column":25}},"22":{"start":{"line":53,"column":23},"end":{"line":55,"column":1}},"23":{"start":{"line":54,"column":21},"end":{"line":54,"column":55}},"24":{"start":{"line":57,"column":25},"end":{"line":77,"column":1}},"25":{"start":{"line":61,"column":4},"end":{"line":61,"column":46}},"26":{"start":{"line":62,"column":14},"end":{"line":62,"column":18}},"27":{"start":{"line":63,"column":4},"end":{"line":71,"column":7}},"28":{"start":{"line":64,"column":6},"end":{"line":69,"column":7}},"29":{"start":{"line":66,"column":8},"end":{"line":66,"column":47}},"30":{"start":{"line":67,"column":8},"end":{"line":67,"column":23}},"31":{"start":{"line":68,"column":8},"end":{"line":68,"column":30}},"32":{"start":{"line":70,"column":6},"end":{"line":70,"column":28}},"33":{"start":{"line":75,"column":4},"end":{"line":75,"column":32}},"34":{"start":{"line":78,"column":18},"end":{"line":85,"column":1}},"35":{"start":{"line":104,"column":0},"end":{"line":118,"column":3}}},"fnMap":{"0":{"name":"(anonymous_0)","decl":{"start":{"line":10,"column":16},"end":{"line":10,"column":17}},"loc":{"start":{"line":10,"column":22},"end":{"line":17,"column":1}},"line":10},"1":{"name":"(anonymous_1)","decl":{"start":{"line":12,"column":48},"end":{"line":12,"column":49}},"loc":{"start":{"line":12,"column":62},"end":{"line":14,"column":3}},"line":12},"2":{"name":"(anonymous_2)","decl":{"start":{"line":22,"column":8},"end":{"line":22,"column":9}},"loc":{"start":{"line":22,"column":14},"end":{"line":22,"column":17}},"line":22},"3":{"name":"(anonymous_3)","decl":{"start":{"line":23,"column":2},"end":{"line":23,"column":3}},"loc":{"start":{"line":23,"column":25},"end":{"line":41,"column":3}},"line":23},"4":{"name":"(anonymous_4)","decl":{"start":{"line":27,"column":58},"end":{"line":27,"column":59}},"loc":{"start":{"line":27,"column":72},"end":{"line":37,"column":7}},"line":27},"5":{"name":"(anonymous_5)","decl":{"start":{"line":42,"column":2},"end":{"line":42,"column":3}},"loc":{"start":{"line":42,"column":36},"end":{"line":50,"column":3}},"line":42},"6":{"name":"(anonymous_6)","decl":{"start":{"line":53,"column":23},"end":{"line":53,"column":24}},"loc":{"start":{"line":53,"column":35},"end":{"line":55,"column":1}},"line":53},"7":{"name":"(anonymous_7)","decl":{"start":{"line":60,"column":10},"end":{"line":60,"column":11}},"loc":{"start":{"line":60,"column":24},"end":{"line":72,"column":3}},"line":60},"8":{"name":"(anonymous_8)","decl":{"start":{"line":63,"column":50},"end":{"line":63,"column":51}},"loc":{"start":{"line":63,"column":64},"end":{"line":71,"column":5}},"line":63},"9":{"name":"(anonymous_9)","decl":{"start":{"line":73,"column":8},"end":{"line":73,"column":9}},"loc":{"start":{"line":73,"column":14},"end":{"line":73,"column":16}},"line":73},"10":{"name":"(anonymous_10)","decl":{"start":{"line":74,"column":21},"end":{"line":74,"column":22}},"loc":{"start":{"line":74,"column":27},"end":{"line":76,"column":3}},"line":74}},"branchMap":{"0":{"loc":{"start":{"line":13,"column":4},"end":{"line":13,"column":36}},"type":"if","locations":[{"start":{"line":13,"column":4},"end":{"line":13,"column":36}},{"start":{},"end":{}}],"line":13},"1":{"loc":{"start":{"line":28,"column":8},"end":{"line":33,"column":9}},"type":"if","locations":[{"start":{"line":28,"column":8},"end":{"line":33,"column":9}},{"start":{},"end":{}}],"line":28},"2":{"loc":{"start":{"line":64,"column":6},"end":{"line":69,"column":7}},"type":"if","locations":[{"start":{"line":64,"column":6},"end":{"line":69,"column":7}},{"start":{},"end":{}}],"line":64}},"s":{"0":0,"1":0,"2":0,"3":0,"4":0,"5":0,"6":0,"7":0,"8":0,"9":0,"10":0,"11":0,"12":0,"13":0,"14":0,"15":0,"16":0,"17":0,"18":0,"19":0,"20":0,"21":0,"22":0,"23":0,"24":0,"25":0,"26":0,"27":0,"28":0,"29":0,"30":0,"31":0,"32":0,"33":0,"34":0,"35":0},"f":{"0":0,"1":0,"2":0,"3":0,"4":0,"5":0,"6":0,"7":0,"8":0,"9":0,"10":0},"b":{"0":[0,0],"1":[0,0],"2":[0,0]}}
,"/Users/bookyourpet/Workspace/ProjectName/src/localization/Convert/languageDetectorPlugin.js": {"path":"/Users/bookyourpet/Workspace/ProjectName/src/localization/Convert/languageDetectorPlugin.js","statementMap":{"0":{"start":{"line":3,"column":27},"end":{"line":3,"column":42}},"1":{"start":{"line":5,"column":31},"end":{"line":26,"column":1}},"2":{"start":{"line":10,"column":4},"end":{"line":19,"column":5}},"3":{"start":{"line":11,"column":6},"end":{"line":16,"column":9}},"4":{"start":{"line":12,"column":8},"end":{"line":14,"column":9}},"5":{"start":{"line":13,"column":10},"end":{"line":13,"column":36}},"6":{"start":{"line":15,"column":8},"end":{"line":15,"column":30}},"7":{"start":{"line":18,"column":6},"end":{"line":18,"column":51}},"8":{"start":{"line":22,"column":4},"end":{"line":24,"column":22}},"9":{"start":{"line":23,"column":6},"end":{"line":23,"column":63}},"10":{"start":{"line":28,"column":0},"end":{"line":28,"column":44}}},"fnMap":{"0":{"name":"(anonymous_0)","decl":{"start":{"line":8,"column":8},"end":{"line":8,"column":9}},"loc":{"start":{"line":8,"column":14},"end":{"line":8,"column":16}},"line":8},"1":{"name":"(anonymous_1)","decl":{"start":{"line":9,"column":2},"end":{"line":9,"column":3}},"loc":{"start":{"line":9,"column":25},"end":{"line":20,"column":3}},"line":9},"2":{"name":"(anonymous_2)","decl":{"start":{"line":11,"column":58},"end":{"line":11,"column":59}},"loc":{"start":{"line":11,"column":72},"end":{"line":16,"column":7}},"line":11},"3":{"name":"(anonymous_3)","decl":{"start":{"line":21,"column":2},"end":{"line":21,"column":3}},"loc":{"start":{"line":21,"column":36},"end":{"line":25,"column":3}},"line":21}},"branchMap":{"0":{"loc":{"start":{"line":12,"column":8},"end":{"line":14,"column":9}},"type":"if","locations":[{"start":{"line":12,"column":8},"end":{"line":14,"column":9}},{"start":{},"end":{}}],"line":12}},"s":{"0":0,"1":0,"2":0,"3":0,"4":0,"5":0,"6":0,"7":0,"8":0,"9":0,"10":0},"f":{"0":0,"1":0,"2":0,"3":0},"b":{"0":[0,0]}}
,"/Users/bookyourpet/Workspace/ProjectName/src/localization/Convert/Screens/ExpandableComponent.js": {"path":"/Users/bookyourpet/Workspace/ProjectName/src/localization/Convert/Screens/ExpandableComponent.js","statementMap":{"0":{"start":{"line":14,"column":42},"end":{"line":14,"column":53}},"1":{"start":{"line":16,"column":2},"end":{"line":22,"column":26}},"2":{"start":{"line":17,"column":4},"end":{"line":21,"column":5}},"3":{"start":{"line":18,"column":6},"end":{"line":18,"column":28}},"4":{"start":{"line":20,"column":6},"end":{"line":20,"column":25}},"5":{"start":{"line":24,"column":2},"end":{"line":51,"column":4}},"6":{"start":{"line":40,"column":10},"end":{"line":47,"column":29}},"7":{"start":{"line":54,"column":15},"end":{"line":80,"column":2}}},"fnMap":{"0":{"name":"ExpandableComponent","decl":{"start":{"line":12,"column":9},"end":{"line":12,"column":28}},"loc":{"start":{"line":12,"column":56},"end":{"line":52,"column":1}},"line":12},"1":{"name":"(anonymous_1)","decl":{"start":{"line":16,"column":12},"end":{"line":16,"column":13}},"loc":{"start":{"line":16,"column":18},"end":{"line":22,"column":3}},"line":16},"2":{"name":"(anonymous_2)","decl":{"start":{"line":39,"column":30},"end":{"line":39,"column":31}},"loc":{"start":{"line":40,"column":10},"end":{"line":47,"column":29}},"line":40}},"branchMap":{"0":{"loc":{"start":{"line":17,"column":4},"end":{"line":21,"column":5}},"type":"if","locations":[{"start":{"line":17,"column":4},"end":{"line":21,"column":5}},{"start":{"line":19,"column":11},"end":{"line":21,"column":5}}],"line":17}},"s":{"0":0,"1":0,"2":0,"3":0,"4":0,"5":0,"6":0,"7":0},"f":{"0":0,"1":0,"2":0},"b":{"0":[0,0]}}
,"/Users/bookyourpet/Workspace/ProjectName/src/localization/Convert/Screens/ExpandableLIst.js": {"path":"/Users/bookyourpet/Workspace/ProjectName/src/localization/Convert/Screens/ExpandableLIst.js","statementMap":{"0":{"start":{"line":13,"column":18},"end":{"line":146,"column":1}},"1":{"start":{"line":148,"column":40},"end":{"line":148,"column":55}},"2":{"start":{"line":149,"column":46},"end":{"line":149,"column":65}},"3":{"start":{"line":152,"column":4},"end":{"line":154,"column":6}},"4":{"start":{"line":153,"column":6},"end":{"line":153,"column":63}},"5":{"start":{"line":157,"column":12},"end":{"line":157,"column":21}},"6":{"start":{"line":160,"column":14},"end":{"line":160,"column":20}},"7":{"start":{"line":162,"column":4},"end":{"line":162,"column":44}},"8":{"start":{"line":165,"column":23},"end":{"line":176,"column":3}},"9":{"start":{"line":166,"column":4},"end":{"line":166,"column":73}},"10":{"start":{"line":167,"column":18},"end":{"line":167,"column":37}},"11":{"start":{"line":168,"column":4},"end":{"line":174,"column":5}},"12":{"start":{"line":169,"column":6},"end":{"line":169,"column":61}},"13":{"start":{"line":171,"column":6},"end":{"line":173,"column":53}},"14":{"start":{"line":171,"column":40},"end":{"line":173,"column":50}},"15":{"start":{"line":175,"column":4},"end":{"line":175,"column":29}},"16":{"start":{"line":178,"column":2},"end":{"line":211,"column":4}},"17":{"start":{"line":188,"column":12},"end":{"line":188,"column":22}},"18":{"start":{"line":189,"column":12},"end":{"line":189,"column":52}},"19":{"start":{"line":200,"column":12},"end":{"line":206,"column":14}},"20":{"start":{"line":204,"column":16},"end":{"line":204,"column":34}},"21":{"start":{"line":216,"column":15},"end":{"line":242,"column":2}}},"fnMap":{"0":{"name":"ExpandableList","decl":{"start":{"line":147,"column":9},"end":{"line":147,"column":23}},"loc":{"start":{"line":147,"column":26},"end":{"line":212,"column":1}},"line":147},"1":{"name":"callApi","decl":{"start":{"line":151,"column":11},"end":{"line":151,"column":18}},"loc":{"start":{"line":151,"column":27},"end":{"line":155,"column":3}},"line":151},"2":{"name":"(anonymous_2)","decl":{"start":{"line":152,"column":11},"end":{"line":152,"column":12}},"loc":{"start":{"line":152,"column":26},"end":{"line":154,"column":5}},"line":152},"3":{"name":"closure","decl":{"start":{"line":159,"column":11},"end":{"line":159,"column":18}},"loc":{"start":{"line":159,"column":21},"end":{"line":163,"column":3}},"line":159},"4":{"name":"(anonymous_4)","decl":{"start":{"line":165,"column":23},"end":{"line":165,"column":24}},"loc":{"start":{"line":165,"column":34},"end":{"line":176,"column":3}},"line":165},"5":{"name":"(anonymous_5)","decl":{"start":{"line":171,"column":16},"end":{"line":171,"column":17}},"loc":{"start":{"line":171,"column":40},"end":{"line":173,"column":50}},"line":171},"6":{"name":"(anonymous_6)","decl":{"start":{"line":186,"column":19},"end":{"line":186,"column":20}},"loc":{"start":{"line":186,"column":25},"end":{"line":190,"column":11}},"line":186},"7":{"name":"(anonymous_7)","decl":{"start":{"line":199,"column":30},"end":{"line":199,"column":31}},"loc":{"start":{"line":200,"column":12},"end":{"line":206,"column":14}},"line":200},"8":{"name":"(anonymous_8)","decl":{"start":{"line":203,"column":31},"end":{"line":203,"column":32}},"loc":{"start":{"line":203,"column":37},"end":{"line":205,"column":15}},"line":203}},"branchMap":{"0":{"loc":{"start":{"line":168,"column":4},"end":{"line":174,"column":5}},"type":"if","locations":[{"start":{"line":168,"column":4},"end":{"line":174,"column":5}},{"start":{"line":170,"column":11},"end":{"line":174,"column":5}}],"line":168},"1":{"loc":{"start":{"line":171,"column":40},"end":{"line":173,"column":50}},"type":"cond-expr","locations":[{"start":{"line":172,"column":11},"end":{"line":172,"column":75}},{"start":{"line":173,"column":11},"end":{"line":173,"column":49}}],"line":171}},"s":{"0":0,"1":0,"2":0,"3":0,"4":0,"5":0,"6":0,"7":0,"8":0,"9":0,"10":0,"11":0,"12":0,"13":0,"14":0,"15":0,"16":0,"17":0,"18":0,"19":0,"20":0,"21":0},"f":{"0":0,"1":0,"2":0,"3":0,"4":0,"5":0,"6":0,"7":0,"8":0},"b":{"0":[0,0],"1":[0,0]}}
,"/Users/bookyourpet/Workspace/ProjectName/src/localization/Convert/Screens/Home11.js": {"path":"/Users/bookyourpet/Workspace/ProjectName/src/localization/Convert/Screens/Home11.js","statementMap":{"0":{"start":{"line":6,"column":17},"end":{"line":6,"column":40}},"1":{"start":{"line":7,"column":2},"end":{"line":7,"column":38}},"2":{"start":{"line":9,"column":2},"end":{"line":23,"column":4}},"3":{"start":{"line":12,"column":8},"end":{"line":15,"column":11}}},"fnMap":{"0":{"name":"Home11","decl":{"start":{"line":5,"column":9},"end":{"line":5,"column":15}},"loc":{"start":{"line":5,"column":23},"end":{"line":24,"column":1}},"line":5},"1":{"name":"(anonymous_1)","decl":{"start":{"line":11,"column":15},"end":{"line":11,"column":16}},"loc":{"start":{"line":11,"column":21},"end":{"line":16,"column":7}},"line":11}},"branchMap":{},"s":{"0":0,"1":0,"2":0,"3":0},"f":{"0":0,"1":0},"b":{}}
,"/Users/bookyourpet/Workspace/ProjectName/src/localization/Convert/Screens/Home2.js": {"path":"/Users/bookyourpet/Workspace/ProjectName/src/localization/Convert/Screens/Home2.js","statementMap":{"0":{"start":{"line":7,"column":4},"end":{"line":7,"column":12}},"1":{"start":{"line":8,"column":4},"end":{"line":13,"column":6}},"2":{"start":{"line":14,"column":4},"end":{"line":14,"column":50}},"3":{"start":{"line":18,"column":21},"end":{"line":23,"column":12}},"4":{"start":{"line":19,"column":6},"end":{"line":19,"column":72}},"5":{"start":{"line":19,"column":35},"end":{"line":19,"column":72}},"6":{"start":{"line":20,"column":6},"end":{"line":22,"column":9}},"7":{"start":{"line":24,"column":4},"end":{"line":26,"column":7}},"8":{"start":{"line":30,"column":4},"end":{"line":30,"column":43}},"9":{"start":{"line":31,"column":4},"end":{"line":31,"column":39}},"10":{"start":{"line":32,"column":4},"end":{"line":32,"column":16}},"11":{"start":{"line":38,"column":4},"end":{"line":38,"column":41}},"12":{"start":{"line":42,"column":4},"end":{"line":60,"column":6}}},"fnMap":{"0":{"name":"(anonymous_0)","decl":{"start":{"line":6,"column":2},"end":{"line":6,"column":3}},"loc":{"start":{"line":6,"column":16},"end":{"line":15,"column":3}},"line":6},"1":{"name":"(anonymous_1)","decl":{"start":{"line":17,"column":2},"end":{"line":17,"column":3}},"loc":{"start":{"line":17,"column":17},"end":{"line":27,"column":3}},"line":17},"2":{"name":"(anonymous_2)","decl":{"start":{"line":18,"column":33},"end":{"line":18,"column":34}},"loc":{"start":{"line":18,"column":39},"end":{"line":23,"column":5}},"line":18},"3":{"name":"(anonymous_3)","decl":{"start":{"line":29,"column":2},"end":{"line":29,"column":3}},"loc":{"start":{"line":29,"column":44},"end":{"line":33,"column":3}},"line":29},"4":{"name":"(anonymous_4)","decl":{"start":{"line":35,"column":2},"end":{"line":35,"column":3}},"loc":{"start":{"line":35,"column":22},"end":{"line":35,"column":24}},"line":35},"5":{"name":"(anonymous_5)","decl":{"start":{"line":37,"column":2},"end":{"line":37,"column":3}},"loc":{"start":{"line":37,"column":25},"end":{"line":39,"column":3}},"line":37},"6":{"name":"(anonymous_6)","decl":{"start":{"line":41,"column":2},"end":{"line":41,"column":3}},"loc":{"start":{"line":41,"column":11},"end":{"line":61,"column":3}},"line":41}},"branchMap":{"0":{"loc":{"start":{"line":19,"column":6},"end":{"line":19,"column":72}},"type":"if","locations":[{"start":{"line":19,"column":6},"end":{"line":19,"column":72}},{"start":{},"end":{}}],"line":19}},"s":{"0":0,"1":0,"2":0,"3":0,"4":0,"5":0,"6":0,"7":0,"8":0,"9":0,"10":0,"11":0,"12":0},"f":{"0":0,"1":0,"2":0,"3":0,"4":0,"5":0,"6":0},"b":{"0":[0,0]}}
,"/Users/bookyourpet/Workspace/ProjectName/src/localization/Convert/Screens/Home3.js": {"path":"/Users/bookyourpet/Workspace/ProjectName/src/localization/Convert/Screens/Home3.js","statementMap":{"0":{"start":{"line":6,"column":4},"end":{"line":6,"column":12}},"1":{"start":{"line":7,"column":4},"end":{"line":9,"column":6}},"2":{"start":{"line":10,"column":4},"end":{"line":10,"column":44}},"3":{"start":{"line":15,"column":4},"end":{"line":17,"column":7}},"4":{"start":{"line":18,"column":4},"end":{"line":20,"column":7}},"5":{"start":{"line":24,"column":4},"end":{"line":24,"column":37}},"6":{"start":{"line":28,"column":4},"end":{"line":28,"column":36}},"7":{"start":{"line":32,"column":4},"end":{"line":32,"column":39}},"8":{"start":{"line":36,"column":4},"end":{"line":36,"column":27}},"9":{"start":{"line":38,"column":4},"end":{"line":38,"column":33}},"10":{"start":{"line":40,"column":4},"end":{"line":40,"column":17}},"11":{"start":{"line":44,"column":4},"end":{"line":57,"column":6}}},"fnMap":{"0":{"name":"(anonymous_0)","decl":{"start":{"line":5,"column":2},"end":{"line":5,"column":3}},"loc":{"start":{"line":5,"column":16},"end":{"line":11,"column":3}},"line":5},"1":{"name":"(anonymous_1)","decl":{"start":{"line":13,"column":2},"end":{"line":13,"column":3}},"loc":{"start":{"line":13,"column":15},"end":{"line":21,"column":3}},"line":13},"2":{"name":"(anonymous_2)","decl":{"start":{"line":23,"column":2},"end":{"line":23,"column":3}},"loc":{"start":{"line":23,"column":23},"end":{"line":25,"column":3}},"line":23},"3":{"name":"(anonymous_3)","decl":{"start":{"line":27,"column":2},"end":{"line":27,"column":3}},"loc":{"start":{"line":27,"column":22},"end":{"line":29,"column":3}},"line":27},"4":{"name":"(anonymous_4)","decl":{"start":{"line":31,"column":2},"end":{"line":31,"column":3}},"loc":{"start":{"line":31,"column":25},"end":{"line":33,"column":3}},"line":31},"5":{"name":"(anonymous_5)","decl":{"start":{"line":35,"column":2},"end":{"line":35,"column":3}},"loc":{"start":{"line":35,"column":46},"end":{"line":41,"column":3}},"line":35},"6":{"name":"(anonymous_6)","decl":{"start":{"line":43,"column":2},"end":{"line":43,"column":3}},"loc":{"start":{"line":43,"column":11},"end":{"line":58,"column":3}},"line":43}},"branchMap":{},"s":{"0":0,"1":0,"2":0,"3":0,"4":0,"5":0,"6":0,"7":0,"8":0,"9":0,"10":0,"11":0},"f":{"0":0,"1":0,"2":0,"3":0,"4":0,"5":0,"6":0},"b":{}}
,"/Users/bookyourpet/Workspace/ProjectName/src/localization/Convert/Screens/Home4.js": {"path":"/Users/bookyourpet/Workspace/ProjectName/src/localization/Convert/Screens/Home4.js","statementMap":{"0":{"start":{"line":6,"column":4},"end":{"line":6,"column":12}},"1":{"start":{"line":7,"column":4},"end":{"line":9,"column":6}},"2":{"start":{"line":10,"column":4},"end":{"line":10,"column":44}},"3":{"start":{"line":15,"column":4},"end":{"line":17,"column":7}},"4":{"start":{"line":21,"column":4},"end":{"line":21,"column":37}},"5":{"start":{"line":25,"column":4},"end":{"line":25,"column":36}},"6":{"start":{"line":29,"column":4},"end":{"line":29,"column":39}},"7":{"start":{"line":33,"column":4},"end":{"line":33,"column":27}},"8":{"start":{"line":34,"column":4},"end":{"line":34,"column":33}},"9":{"start":{"line":35,"column":4},"end":{"line":35,"column":17}},"10":{"start":{"line":39,"column":4},"end":{"line":52,"column":6}}},"fnMap":{"0":{"name":"(anonymous_0)","decl":{"start":{"line":5,"column":2},"end":{"line":5,"column":3}},"loc":{"start":{"line":5,"column":16},"end":{"line":11,"column":3}},"line":5},"1":{"name":"(anonymous_1)","decl":{"start":{"line":13,"column":2},"end":{"line":13,"column":3}},"loc":{"start":{"line":13,"column":15},"end":{"line":18,"column":3}},"line":13},"2":{"name":"(anonymous_2)","decl":{"start":{"line":20,"column":2},"end":{"line":20,"column":3}},"loc":{"start":{"line":20,"column":23},"end":{"line":22,"column":3}},"line":20},"3":{"name":"(anonymous_3)","decl":{"start":{"line":24,"column":2},"end":{"line":24,"column":3}},"loc":{"start":{"line":24,"column":22},"end":{"line":26,"column":3}},"line":24},"4":{"name":"(anonymous_4)","decl":{"start":{"line":28,"column":2},"end":{"line":28,"column":3}},"loc":{"start":{"line":28,"column":25},"end":{"line":30,"column":3}},"line":28},"5":{"name":"(anonymous_5)","decl":{"start":{"line":32,"column":2},"end":{"line":32,"column":3}},"loc":{"start":{"line":32,"column":46},"end":{"line":36,"column":3}},"line":32},"6":{"name":"(anonymous_6)","decl":{"start":{"line":38,"column":2},"end":{"line":38,"column":3}},"loc":{"start":{"line":38,"column":11},"end":{"line":53,"column":3}},"line":38}},"branchMap":{},"s":{"0":0,"1":0,"2":0,"3":0,"4":0,"5":0,"6":0,"7":0,"8":0,"9":0,"10":0},"f":{"0":0,"1":0,"2":0,"3":0,"4":0,"5":0,"6":0},"b":{}}
,"/Users/bookyourpet/Workspace/ProjectName/src/localization/Convert/Screens/Home5.js": {"path":"/Users/bookyourpet/Workspace/ProjectName/src/localization/Convert/Screens/Home5.js","statementMap":{"0":{"start":{"line":6,"column":2},"end":{"line":6,"column":30}},"1":{"start":{"line":7,"column":15},"end":{"line":7,"column":37}},"2":{"start":{"line":9,"column":2},"end":{"line":21,"column":4}},"3":{"start":{"line":12,"column":8},"end":{"line":12,"column":43}}},"fnMap":{"0":{"name":"(anonymous_0)","decl":{"start":{"line":5,"column":23},"end":{"line":5,"column":24}},"loc":{"start":{"line":5,"column":40},"end":{"line":22,"column":1}},"line":5},"1":{"name":"(anonymous_1)","decl":{"start":{"line":11,"column":15},"end":{"line":11,"column":16}},"loc":{"start":{"line":11,"column":21},"end":{"line":13,"column":7}},"line":11}},"branchMap":{},"s":{"0":0,"1":0,"2":0,"3":0},"f":{"0":0,"1":0},"b":{}}
,"/Users/bookyourpet/Workspace/ProjectName/src/localization/Convert/Screens/Home6.js": {"path":"/Users/bookyourpet/Workspace/ProjectName/src/localization/Convert/Screens/Home6.js","statementMap":{"0":{"start":{"line":6,"column":2},"end":{"line":6,"column":30}},"1":{"start":{"line":7,"column":15},"end":{"line":7,"column":37}},"2":{"start":{"line":9,"column":2},"end":{"line":11,"column":9}},"3":{"start":{"line":10,"column":4},"end":{"line":10,"column":18}},"4":{"start":{"line":12,"column":2},"end":{"line":24,"column":4}},"5":{"start":{"line":15,"column":8},"end":{"line":15,"column":43}}},"fnMap":{"0":{"name":"(anonymous_0)","decl":{"start":{"line":5,"column":23},"end":{"line":5,"column":24}},"loc":{"start":{"line":5,"column":40},"end":{"line":25,"column":1}},"line":5},"1":{"name":"(anonymous_1)","decl":{"start":{"line":9,"column":12},"end":{"line":9,"column":13}},"loc":{"start":{"line":9,"column":18},"end":{"line":11,"column":3}},"line":9},"2":{"name":"(anonymous_2)","decl":{"start":{"line":14,"column":15},"end":{"line":14,"column":16}},"loc":{"start":{"line":14,"column":21},"end":{"line":16,"column":7}},"line":14}},"branchMap":{},"s":{"0":0,"1":0,"2":0,"3":0,"4":0,"5":0},"f":{"0":0,"1":0,"2":0},"b":{}}
,"/Users/bookyourpet/Workspace/ProjectName/src/localization/Convert/Screens/Home7.js": {"path":"/Users/bookyourpet/Workspace/ProjectName/src/localization/Convert/Screens/Home7.js","statementMap":{"0":{"start":{"line":8,"column":19},"end":{"line":8,"column":42}},"1":{"start":{"line":9,"column":2},"end":{"line":14,"column":9}},"2":{"start":{"line":10,"column":4},"end":{"line":13,"column":7}},"3":{"start":{"line":16,"column":2},"end":{"line":24,"column":4}}},"fnMap":{"0":{"name":"Home7","decl":{"start":{"line":7,"column":9},"end":{"line":7,"column":14}},"loc":{"start":{"line":7,"column":22},"end":{"line":25,"column":1}},"line":7},"1":{"name":"(anonymous_1)","decl":{"start":{"line":9,"column":12},"end":{"line":9,"column":13}},"loc":{"start":{"line":9,"column":18},"end":{"line":14,"column":3}},"line":9}},"branchMap":{},"s":{"0":0,"1":0,"2":0,"3":0},"f":{"0":0,"1":0},"b":{}}
,"/Users/bookyourpet/Workspace/ProjectName/src/localization/Convert/Screens/Home8.js": {"path":"/Users/bookyourpet/Workspace/ProjectName/src/localization/Convert/Screens/Home8.js","statementMap":{"0":{"start":{"line":8,"column":19},"end":{"line":8,"column":42}},"1":{"start":{"line":9,"column":2},"end":{"line":14,"column":9}},"2":{"start":{"line":10,"column":4},"end":{"line":13,"column":7}},"3":{"start":{"line":16,"column":2},"end":{"line":24,"column":4}}},"fnMap":{"0":{"name":"Home8","decl":{"start":{"line":7,"column":9},"end":{"line":7,"column":14}},"loc":{"start":{"line":7,"column":22},"end":{"line":25,"column":1}},"line":7},"1":{"name":"(anonymous_1)","decl":{"start":{"line":9,"column":12},"end":{"line":9,"column":13}},"loc":{"start":{"line":9,"column":18},"end":{"line":14,"column":3}},"line":9}},"branchMap":{},"s":{"0":0,"1":0,"2":0,"3":0},"f":{"0":0,"1":0},"b":{}}
,"/Users/bookyourpet/Workspace/ProjectName/src/localization/Convert/Screens/Home9.js": {"path":"/Users/bookyourpet/Workspace/ProjectName/src/localization/Convert/Screens/Home9.js","statementMap":{"0":{"start":{"line":8,"column":19},"end":{"line":8,"column":42}},"1":{"start":{"line":9,"column":2},"end":{"line":14,"column":9}},"2":{"start":{"line":10,"column":4},"end":{"line":13,"column":7}},"3":{"start":{"line":16,"column":2},"end":{"line":24,"column":4}}},"fnMap":{"0":{"name":"Home9","decl":{"start":{"line":7,"column":9},"end":{"line":7,"column":14}},"loc":{"start":{"line":7,"column":22},"end":{"line":25,"column":1}},"line":7},"1":{"name":"(anonymous_1)","decl":{"start":{"line":9,"column":12},"end":{"line":9,"column":13}},"loc":{"start":{"line":9,"column":18},"end":{"line":14,"column":3}},"line":9}},"branchMap":{},"s":{"0":0,"1":0,"2":0,"3":0},"f":{"0":0,"1":0},"b":{}}
,"/Users/bookyourpet/Workspace/ProjectName/src/localization/Convert/Screens/ListComponent.js": {"path":"/Users/bookyourpet/Workspace/ProjectName/src/localization/Convert/Screens/ListComponent.js","statementMap":{"0":{"start":{"line":8,"column":4},"end":{"line":8,"column":17}},"1":{"start":{"line":12,"column":4},"end":{"line":12,"column":33}},"2":{"start":{"line":13,"column":4},"end":{"line":21,"column":6}},"3":{"start":{"line":25,"column":4},"end":{"line":33,"column":6}}},"fnMap":{"0":{"name":"(anonymous_0)","decl":{"start":{"line":7,"column":2},"end":{"line":7,"column":3}},"loc":{"start":{"line":7,"column":21},"end":{"line":9,"column":3}},"line":7},"1":{"name":"(anonymous_1)","decl":{"start":{"line":11,"column":2},"end":{"line":11,"column":3}},"loc":{"start":{"line":11,"column":33},"end":{"line":22,"column":3}},"line":11},"2":{"name":"(anonymous_2)","decl":{"start":{"line":24,"column":2},"end":{"line":24,"column":3}},"loc":{"start":{"line":24,"column":11},"end":{"line":34,"column":3}},"line":24}},"branchMap":{},"s":{"0":0,"1":0,"2":0,"3":0},"f":{"0":0,"1":0,"2":0},"b":{}}
,"/Users/bookyourpet/Workspace/ProjectName/src/localization/Convert/Screens/rafcCompile.js": {"path":"/Users/bookyourpet/Workspace/ProjectName/src/localization/Convert/Screens/rafcCompile.js","statementMap":{"0":{"start":{"line":6,"column":2},"end":{"line":6,"column":30}},"1":{"start":{"line":7,"column":2},"end":{"line":13,"column":4}}},"fnMap":{"0":{"name":"rafcCompile","decl":{"start":{"line":5,"column":24},"end":{"line":5,"column":35}},"loc":{"start":{"line":5,"column":38},"end":{"line":14,"column":1}},"line":5}},"branchMap":{},"s":{"0":0,"1":0},"f":{"0":0},"b":{}}
,"/Users/bookyourpet/Workspace/ProjectName/src/localization/Convert/Screens/test1.js": {"path":"/Users/bookyourpet/Workspace/ProjectName/src/localization/Convert/Screens/test1.js","statementMap":{},"fnMap":{},"branchMap":{},"s":{},"f":{},"b":{}}
,"/Users/bookyourpet/Workspace/ProjectName/src/localization/Convert/Screens/usePostHog.js": {"path":"/Users/bookyourpet/Workspace/ProjectName/src/localization/Convert/Screens/usePostHog.js","statementMap":{"0":{"start":{"line":3,"column":15},"end":{"line":3,"column":64}},"1":{"start":{"line":7,"column":19},"end":{"line":20,"column":1}},"2":{"start":{"line":8,"column":2},"end":{"line":12,"column":3}},"3":{"start":{"line":9,"column":4},"end":{"line":11,"column":7}},"4":{"start":{"line":10,"column":6},"end":{"line":10,"column":23}},"5":{"start":{"line":14,"column":2},"end":{"line":19,"column":5}},"6":{"start":{"line":15,"column":4},"end":{"line":17,"column":7}},"7":{"start":{"line":18,"column":4},"end":{"line":18,"column":21}},"8":{"start":{"line":22,"column":26},"end":{"line":34,"column":1}},"9":{"start":{"line":23,"column":18},"end":{"line":23,"column":36}},"10":{"start":{"line":24,"column":2},"end":{"line":33,"column":5}},"11":{"start":{"line":25,"column":4},"end":{"line":32,"column":5}},"12":{"start":{"line":26,"column":6},"end":{"line":28,"column":9}},"13":{"start":{"line":29,"column":6},"end":{"line":29,"column":25}},"14":{"start":{"line":31,"column":6},"end":{"line":31,"column":29}}},"fnMap":{"0":{"name":"(anonymous_0)","decl":{"start":{"line":7,"column":19},"end":{"line":7,"column":20}},"loc":{"start":{"line":7,"column":31},"end":{"line":20,"column":1}},"line":7},"1":{"name":"(anonymous_1)","decl":{"start":{"line":9,"column":23},"end":{"line":9,"column":24}},"loc":{"start":{"line":9,"column":44},"end":{"line":11,"column":5}},"line":9},"2":{"name":"(anonymous_2)","decl":{"start":{"line":14,"column":21},"end":{"line":14,"column":22}},"loc":{"start":{"line":14,"column":42},"end":{"line":19,"column":3}},"line":14},"3":{"name":"(anonymous_3)","decl":{"start":{"line":22,"column":26},"end":{"line":22,"column":27}},"loc":{"start":{"line":22,"column":50},"end":{"line":34,"column":1}},"line":22},"4":{"name":"(anonymous_4)","decl":{"start":{"line":24,"column":21},"end":{"line":24,"column":22}},"loc":{"start":{"line":24,"column":42},"end":{"line":33,"column":3}},"line":24}},"branchMap":{"0":{"loc":{"start":{"line":8,"column":2},"end":{"line":12,"column":3}},"type":"if","locations":[{"start":{"line":8,"column":2},"end":{"line":12,"column":3}},{"start":{},"end":{}}],"line":8}},"s":{"0":0,"1":0,"2":0,"3":0,"4":0,"5":0,"6":0,"7":0,"8":0,"9":0,"10":0,"11":0,"12":0,"13":0,"14":0},"f":{"0":0,"1":0,"2":0,"3":0,"4":0},"b":{"0":[0,0]}}
,"/Users/bookyourpet/Workspace/ProjectName/src/localization/Convert/Screens/Context/ContextWrapper.js": {"path":"/Users/bookyourpet/Workspace/ProjectName/src/localization/Convert/Screens/Context/ContextWrapper.js","statementMap":{"0":{"start":{"line":5,"column":26},"end":{"line":5,"column":63}},"1":{"start":{"line":7,"column":4},"end":{"line":7,"column":18}},"2":{"start":{"line":10,"column":2},"end":{"line":14,"column":4}}},"fnMap":{"0":{"name":"ContextWrapper","decl":{"start":{"line":4,"column":9},"end":{"line":4,"column":23}},"loc":{"start":{"line":4,"column":31},"end":{"line":15,"column":1}},"line":4},"1":{"name":"setData_","decl":{"start":{"line":6,"column":11},"end":{"line":6,"column":19}},"loc":{"start":{"line":6,"column":26},"end":{"line":8,"column":3}},"line":6}},"branchMap":{},"s":{"0":0,"1":0,"2":0},"f":{"0":0,"1":0},"b":{}}
,"/Users/bookyourpet/Workspace/ProjectName/src/localization/Convert/Screens/Context/CreateContext.js": {"path":"/Users/bookyourpet/Workspace/ProjectName/src/localization/Convert/Screens/Context/CreateContext.js","statementMap":{"0":{"start":{"line":3,"column":19},"end":{"line":3,"column":34}}},"fnMap":{},"branchMap":{},"s":{"0":0},"f":{},"b":{}}
,"/Users/bookyourpet/Workspace/ProjectName/src/localization/Convert/Screens/Flatlist/API.js": {"path":"/Users/bookyourpet/Workspace/ProjectName/src/localization/Convert/Screens/Flatlist/API.js","statementMap":{"0":{"start":{"line":3,"column":24},"end":{"line":15,"column":1}},"1":{"start":{"line":4,"column":2},"end":{"line":14,"column":3}},"2":{"start":{"line":5,"column":4},"end":{"line":5,"column":46}},"3":{"start":{"line":6,"column":21},"end":{"line":6,"column":63}},"4":{"start":{"line":7,"column":17},"end":{"line":7,"column":38}},"5":{"start":{"line":8,"column":4},"end":{"line":8,"column":50}},"6":{"start":{"line":9,"column":4},"end":{"line":9,"column":27}},"7":{"start":{"line":10,"column":4},"end":{"line":10,"column":23}},"8":{"start":{"line":13,"column":4},"end":{"line":13,"column":53}}},"fnMap":{"0":{"name":"(anonymous_0)","decl":{"start":{"line":3,"column":24},"end":{"line":3,"column":25}},"loc":{"start":{"line":3,"column":65},"end":{"line":15,"column":1}},"line":3}},"branchMap":{},"s":{"0":0,"1":0,"2":0,"3":0,"4":0,"5":0,"6":0,"7":0,"8":0},"f":{"0":0},"b":{}}
,"/Users/bookyourpet/Workspace/ProjectName/src/localization/Convert/Screens/Flatlist/InitalData.js": {"path":"/Users/bookyourpet/Workspace/ProjectName/src/localization/Convert/Screens/Flatlist/InitalData.js","statementMap":{"0":{"start":{"line":1,"column":21},"end":{"line":4,"column":1}}},"fnMap":{},"branchMap":{},"s":{"0":0},"f":{},"b":{}}
,"/Users/bookyourpet/Workspace/ProjectName/src/localization/Convert/Screens/Flatlist/RenderRow.js": {"path":"/Users/bookyourpet/Workspace/ProjectName/src/localization/Convert/Screens/Flatlist/RenderRow.js","statementMap":{"0":{"start":{"line":5,"column":2},"end":{"line":5,"column":38}},"1":{"start":{"line":6,"column":2},"end":{"line":23,"column":4}},"2":{"start":{"line":11,"column":8},"end":{"line":11,"column":30}}},"fnMap":{"0":{"name":"RenderRow","decl":{"start":{"line":4,"column":9},"end":{"line":4,"column":18}},"loc":{"start":{"line":4,"column":43},"end":{"line":24,"column":1}},"line":4},"1":{"name":"(anonymous_1)","decl":{"start":{"line":9,"column":15},"end":{"line":9,"column":16}},"loc":{"start":{"line":9,"column":21},"end":{"line":12,"column":7}},"line":9}},"branchMap":{},"s":{"0":0,"1":0,"2":0},"f":{"0":0,"1":0},"b":{}}
,"/Users/bookyourpet/Workspace/ProjectName/src/localization/Convert/Screens/Flatlist/Context/App.js": {"path":"/Users/bookyourpet/Workspace/ProjectName/src/localization/Convert/Screens/Flatlist/Context/App.js","statementMap":{"0":{"start":{"line":5,"column":22},"end":{"line":13,"column":3}},"1":{"start":{"line":15,"column":38},"end":{"line":15,"column":59}},"2":{"start":{"line":16,"column":25},"end":{"line":19,"column":3}},"3":{"start":{"line":17,"column":4},"end":{"line":17,"column":48}},"4":{"start":{"line":18,"column":4},"end":{"line":18,"column":46}},"5":{"start":{"line":20,"column":2},"end":{"line":25,"column":4}}},"fnMap":{"0":{"name":"AppState","decl":{"start":{"line":4,"column":9},"end":{"line":4,"column":17}},"loc":{"start":{"line":4,"column":25},"end":{"line":26,"column":1}},"line":4},"1":{"name":"(anonymous_1)","decl":{"start":{"line":16,"column":25},"end":{"line":16,"column":26}},"loc":{"start":{"line":16,"column":35},"end":{"line":19,"column":3}},"line":16}},"branchMap":{},"s":{"0":0,"1":0,"2":0,"3":0,"4":0,"5":0},"f":{"0":0,"1":0},"b":{}}
,"/Users/bookyourpet/Workspace/ProjectName/src/localization/Convert/Screens/Flatlist/Context/AppContext.js": {"path":"/Users/bookyourpet/Workspace/ProjectName/src/localization/Convert/Screens/Flatlist/Context/AppContext.js","statementMap":{"0":{"start":{"line":3,"column":19},"end":{"line":3,"column":34}}},"fnMap":{},"branchMap":{},"s":{"0":0},"f":{},"b":{}}
,"/Users/bookyourpet/Workspace/ProjectName/src/localization/Convert/Screens/Utils.js/common.js": {"path":"/Users/bookyourpet/Workspace/ProjectName/src/localization/Convert/Screens/Utils.js/common.js","statementMap":{"0":{"start":{"line":4,"column":19},"end":{"line":8,"column":1}},"1":{"start":{"line":5,"column":2},"end":{"line":5,"column":23}},"2":{"start":{"line":6,"column":2},"end":{"line":6,"column":10}},"3":{"start":{"line":7,"column":2},"end":{"line":7,"column":17}}},"fnMap":{"0":{"name":"(anonymous_0)","decl":{"start":{"line":4,"column":19},"end":{"line":4,"column":20}},"loc":{"start":{"line":4,"column":31},"end":{"line":8,"column":1}},"line":4}},"branchMap":{},"s":{"0":1,"1":1,"2":1,"3":1},"f":{"0":1},"b":{},"_coverageSchema":"1a1c01bbd47fc00a2c39e90264f33305004495a9","hash":"9c85883b985aeb2164a26672a083cb1c07d2692e"}
,"/Users/bookyourpet/Workspace/ProjectName/src/localization/Convert/Screens/Utils.js/logger.js": {"path":"/Users/bookyourpet/Workspace/ProjectName/src/localization/Convert/Screens/Utils.js/logger.js","statementMap":{"0":{"start":{"line":1,"column":27},"end":{"line":4,"column":1}},"1":{"start":{"line":2,"column":2},"end":{"line":2,"column":33}},"2":{"start":{"line":3,"column":2},"end":{"line":3,"column":11}}},"fnMap":{"0":{"name":"(anonymous_0)","decl":{"start":{"line":1,"column":27},"end":{"line":1,"column":28}},"loc":{"start":{"line":1,"column":33},"end":{"line":4,"column":1}},"line":1},"1":{"name":"hello","decl":{"start":{"line":6,"column":16},"end":{"line":6,"column":21}},"loc":{"start":{"line":6,"column":23},"end":{"line":8,"column":1}},"line":6}},"branchMap":{},"s":{"0":1,"1":0,"2":0},"f":{"0":0,"1":0},"b":{},"_coverageSchema":"1a1c01bbd47fc00a2c39e90264f33305004495a9","hash":"f9f98782d142e97966b8a99eb5655a81b3d8e2fd"}
}
