TN:
SF:src/localization/i18n.js
FN:10,(anonymous_0)
FN:12,(anonymous_1)
FN:22,(anonymous_2)
FN:23,(anonymous_3)
FN:27,(anonymous_4)
FN:42,(anonymous_5)
FN:53,(anonymous_6)
FN:60,(anonymous_7)
FN:63,(anonymous_8)
FN:73,(anonymous_9)
FN:74,(anonymous_10)
FNF:11
FNH:0
FNDA:0,(anonymous_0)
FNDA:0,(anonymous_1)
FNDA:0,(anonymous_2)
FNDA:0,(anonymous_3)
FNDA:0,(anonymous_4)
FNDA:0,(anonymous_5)
FNDA:0,(anonymous_6)
FNDA:0,(anonymous_7)
FNDA:0,(anonymous_8)
FNDA:0,(anonymous_9)
FNDA:0,(anonymous_10)
DA:6,0
DA:8,0
DA:10,0
DA:11,0
DA:12,0
DA:13,0
DA:15,0
DA:16,0
DA:19,0
DA:24,0
DA:27,0
DA:28,0
DA:30,0
DA:32,0
DA:35,0
DA:36,0
DA:39,0
DA:43,0
DA:45,0
DA:46,0
DA:48,0
DA:53,0
DA:54,0
DA:57,0
DA:61,0
DA:62,0
DA:63,0
DA:64,0
DA:66,0
DA:67,0
DA:68,0
DA:70,0
DA:75,0
DA:78,0
DA:104,0
LF:35
LH:0
BRDA:13,0,0,0
BRDA:13,0,1,0
BRDA:28,1,0,0
BRDA:28,1,1,0
BRDA:64,2,0,0
BRDA:64,2,1,0
BRF:6
BRH:0
end_of_record
TN:
SF:src/localization/Convert/languageDetectorPlugin.js
FN:8,(anonymous_0)
FN:9,(anonymous_1)
FN:11,(anonymous_2)
FN:21,(anonymous_3)
FNF:4
FNH:0
FNDA:0,(anonymous_0)
FNDA:0,(anonymous_1)
FNDA:0,(anonymous_2)
FNDA:0,(anonymous_3)
DA:3,0
DA:5,0
DA:10,0
DA:11,0
DA:12,0
DA:13,0
DA:15,0
DA:18,0
DA:22,0
DA:23,0
DA:28,0
LF:11
LH:0
BRDA:12,0,0,0
BRDA:12,0,1,0
BRF:2
BRH:0
end_of_record
TN:
SF:src/localization/Convert/Screens/ExpandableComponent.js
FN:12,ExpandableComponent
FN:16,(anonymous_1)
FN:39,(anonymous_2)
FNF:3
FNH:0
FNDA:0,ExpandableComponent
FNDA:0,(anonymous_1)
FNDA:0,(anonymous_2)
DA:14,0
DA:16,0
DA:17,0
DA:18,0
DA:20,0
DA:24,0
DA:40,0
DA:54,0
LF:8
LH:0
BRDA:17,0,0,0
BRDA:17,0,1,0
BRF:2
BRH:0
end_of_record
TN:
SF:src/localization/Convert/Screens/ExpandableLIst.js
FN:147,ExpandableList
FN:151,callApi
FN:152,(anonymous_2)
FN:159,closure
FN:165,(anonymous_4)
FN:171,(anonymous_5)
FN:186,(anonymous_6)
FN:199,(anonymous_7)
FN:203,(anonymous_8)
FNF:9
FNH:0
FNDA:0,ExpandableList
FNDA:0,callApi
FNDA:0,(anonymous_2)
FNDA:0,closure
FNDA:0,(anonymous_4)
FNDA:0,(anonymous_5)
FNDA:0,(anonymous_6)
FNDA:0,(anonymous_7)
FNDA:0,(anonymous_8)
DA:13,0
DA:148,0
DA:149,0
DA:152,0
DA:153,0
DA:157,0
DA:160,0
DA:162,0
DA:165,0
DA:166,0
DA:167,0
DA:168,0
DA:169,0
DA:171,0
DA:175,0
DA:178,0
DA:188,0
DA:189,0
DA:200,0
DA:204,0
DA:216,0
LF:21
LH:0
BRDA:168,0,0,0
BRDA:168,0,1,0
BRDA:171,1,0,0
BRDA:171,1,1,0
BRF:4
BRH:0
end_of_record
TN:
SF:src/localization/Convert/Screens/Home11.js
FN:5,Home11
FN:11,(anonymous_1)
FNF:2
FNH:0
FNDA:0,Home11
FNDA:0,(anonymous_1)
DA:6,0
DA:7,0
DA:9,0
DA:12,0
LF:4
LH:0
BRF:0
BRH:0
end_of_record
TN:
SF:src/localization/Convert/Screens/Home2.js
FN:6,(anonymous_0)
FN:17,(anonymous_1)
FN:18,(anonymous_2)
FN:29,(anonymous_3)
FN:35,(anonymous_4)
FN:37,(anonymous_5)
FN:41,(anonymous_6)
FNF:7
FNH:0
FNDA:0,(anonymous_0)
FNDA:0,(anonymous_1)
FNDA:0,(anonymous_2)
FNDA:0,(anonymous_3)
FNDA:0,(anonymous_4)
FNDA:0,(anonymous_5)
FNDA:0,(anonymous_6)
DA:7,0
DA:8,0
DA:14,0
DA:18,0
DA:19,0
DA:20,0
DA:24,0
DA:30,0
DA:31,0
DA:32,0
DA:38,0
DA:42,0
LF:12
LH:0
BRDA:19,0,0,0
BRDA:19,0,1,0
BRF:2
BRH:0
end_of_record
TN:
SF:src/localization/Convert/Screens/Home3.js
FN:5,(anonymous_0)
FN:13,(anonymous_1)
FN:23,(anonymous_2)
FN:27,(anonymous_3)
FN:31,(anonymous_4)
FN:35,(anonymous_5)
FN:43,(anonymous_6)
FNF:7
FNH:0
FNDA:0,(anonymous_0)
FNDA:0,(anonymous_1)
FNDA:0,(anonymous_2)
FNDA:0,(anonymous_3)
FNDA:0,(anonymous_4)
FNDA:0,(anonymous_5)
FNDA:0,(anonymous_6)
DA:6,0
DA:7,0
DA:10,0
DA:15,0
DA:18,0
DA:24,0
DA:28,0
DA:32,0
DA:36,0
DA:38,0
DA:40,0
DA:44,0
LF:12
LH:0
BRF:0
BRH:0
end_of_record
TN:
SF:src/localization/Convert/Screens/Home4.js
FN:5,(anonymous_0)
FN:13,(anonymous_1)
FN:20,(anonymous_2)
FN:24,(anonymous_3)
FN:28,(anonymous_4)
FN:32,(anonymous_5)
FN:38,(anonymous_6)
FNF:7
FNH:0
FNDA:0,(anonymous_0)
FNDA:0,(anonymous_1)
FNDA:0,(anonymous_2)
FNDA:0,(anonymous_3)
FNDA:0,(anonymous_4)
FNDA:0,(anonymous_5)
FNDA:0,(anonymous_6)
DA:6,0
DA:7,0
DA:10,0
DA:15,0
DA:21,0
DA:25,0
DA:29,0
DA:33,0
DA:34,0
DA:35,0
DA:39,0
LF:11
LH:0
BRF:0
BRH:0
end_of_record
TN:
SF:src/localization/Convert/Screens/Home5.js
FN:5,(anonymous_0)
FN:11,(anonymous_1)
FNF:2
FNH:0
FNDA:0,(anonymous_0)
FNDA:0,(anonymous_1)
DA:6,0
DA:7,0
DA:9,0
DA:12,0
LF:4
LH:0
BRF:0
BRH:0
end_of_record
TN:
SF:src/localization/Convert/Screens/Home6.js
FN:5,(anonymous_0)
FN:9,(anonymous_1)
FN:14,(anonymous_2)
FNF:3
FNH:0
FNDA:0,(anonymous_0)
FNDA:0,(anonymous_1)
FNDA:0,(anonymous_2)
DA:6,0
DA:7,0
DA:9,0
DA:10,0
DA:12,0
DA:15,0
LF:6
LH:0
BRF:0
BRH:0
end_of_record
TN:
SF:src/localization/Convert/Screens/Home7.js
FN:7,Home7
FN:9,(anonymous_1)
FNF:2
FNH:0
FNDA:0,Home7
FNDA:0,(anonymous_1)
DA:8,0
DA:9,0
DA:10,0
DA:16,0
LF:4
LH:0
BRF:0
BRH:0
end_of_record
TN:
SF:src/localization/Convert/Screens/Home8.js
FN:7,Home8
FN:9,(anonymous_1)
FNF:2
FNH:0
FNDA:0,Home8
FNDA:0,(anonymous_1)
DA:8,0
DA:9,0
DA:10,0
DA:16,0
LF:4
LH:0
BRF:0
BRH:0
end_of_record
TN:
SF:src/localization/Convert/Screens/Home9.js
FN:7,Home9
FN:9,(anonymous_1)
FNF:2
FNH:0
FNDA:0,Home9
FNDA:0,(anonymous_1)
DA:8,0
DA:9,0
DA:10,0
DA:16,0
LF:4
LH:0
BRF:0
BRH:0
end_of_record
TN:
SF:src/localization/Convert/Screens/ListComponent.js
FN:7,(anonymous_0)
FN:11,(anonymous_1)
FN:24,(anonymous_2)
FNF:3
FNH:0
FNDA:0,(anonymous_0)
FNDA:0,(anonymous_1)
FNDA:0,(anonymous_2)
DA:8,0
DA:12,0
DA:13,0
DA:25,0
LF:4
LH:0
BRF:0
BRH:0
end_of_record
TN:
SF:src/localization/Convert/Screens/rafcCompile.js
FN:5,rafcCompile
FNF:1
FNH:0
FNDA:0,rafcCompile
DA:6,0
DA:7,0
LF:2
LH:0
BRF:0
BRH:0
end_of_record
TN:
SF:src/localization/Convert/Screens/test1.js
FNF:0
FNH:0
LF:0
LH:0
BRF:0
BRH:0
end_of_record
TN:
SF:src/localization/Convert/Screens/usePostHog.js
FN:7,(anonymous_0)
FN:9,(anonymous_1)
FN:14,(anonymous_2)
FN:22,(anonymous_3)
FN:24,(anonymous_4)
FNF:5
FNH:0
FNDA:0,(anonymous_0)
FNDA:0,(anonymous_1)
FNDA:0,(anonymous_2)
FNDA:0,(anonymous_3)
FNDA:0,(anonymous_4)
DA:3,0
DA:7,0
DA:8,0
DA:9,0
DA:10,0
DA:14,0
DA:15,0
DA:18,0
DA:22,0
DA:23,0
DA:24,0
DA:25,0
DA:26,0
DA:29,0
DA:31,0
LF:15
LH:0
BRDA:8,0,0,0
BRDA:8,0,1,0
BRF:2
BRH:0
end_of_record
TN:
SF:src/localization/Convert/Screens/Context/ContextWrapper.js
FN:4,ContextWrapper
FN:6,setData_
FNF:2
FNH:0
FNDA:0,ContextWrapper
FNDA:0,setData_
DA:5,0
DA:7,0
DA:10,0
LF:3
LH:0
BRF:0
BRH:0
end_of_record
TN:
SF:src/localization/Convert/Screens/Context/CreateContext.js
FNF:0
FNH:0
DA:3,0
LF:1
LH:0
BRF:0
BRH:0
end_of_record
TN:
SF:src/localization/Convert/Screens/Flatlist/API.js
FN:3,(anonymous_0)
FNF:1
FNH:0
FNDA:0,(anonymous_0)
DA:3,0
DA:4,0
DA:5,0
DA:6,0
DA:7,0
DA:8,0
DA:9,0
DA:10,0
DA:13,0
LF:9
LH:0
BRF:0
BRH:0
end_of_record
TN:
SF:src/localization/Convert/Screens/Flatlist/InitalData.js
FNF:0
FNH:0
DA:1,0
LF:1
LH:0
BRF:0
BRH:0
end_of_record
TN:
SF:src/localization/Convert/Screens/Flatlist/RenderRow.js
FN:4,RenderRow
FN:9,(anonymous_1)
FNF:2
FNH:0
FNDA:0,RenderRow
FNDA:0,(anonymous_1)
DA:5,0
DA:6,0
DA:11,0
LF:3
LH:0
BRF:0
BRH:0
end_of_record
TN:
SF:src/localization/Convert/Screens/Flatlist/Context/App.js
FN:4,AppState
FN:16,(anonymous_1)
FNF:2
FNH:0
FNDA:0,AppState
FNDA:0,(anonymous_1)
DA:5,0
DA:15,0
DA:16,0
DA:17,0
DA:18,0
DA:20,0
LF:6
LH:0
BRF:0
BRH:0
end_of_record
TN:
SF:src/localization/Convert/Screens/Flatlist/Context/AppContext.js
FNF:0
FNH:0
DA:3,0
LF:1
LH:0
BRF:0
BRH:0
end_of_record
TN:
SF:src/localization/Convert/Screens/Utils.js/common.js
FN:4,(anonymous_0)
FNF:1
FNH:1
FNDA:1,(anonymous_0)
DA:4,1
DA:5,1
DA:6,1
DA:7,1
LF:4
LH:4
BRF:0
BRH:0
end_of_record
TN:
SF:src/localization/Convert/Screens/Utils.js/logger.js
FN:1,(anonymous_0)
FN:6,hello
FNF:2
FNH:0
FNDA:0,(anonymous_0)
FNDA:0,hello
DA:1,1
DA:2,0
DA:3,0
LF:3
LH:1
BRF:0
BRH:0
end_of_record
